<?xml version="1.0" encoding="UTF-8"?>
<testng-results ignored="0" total="1" passed="1" failed="0" skipped="0">
  <reporter-output>
  </reporter-output>
  <suite started-at="2024-05-29T16:33:16 IST" name="Suite" finished-at="2024-05-29T16:33:27 IST" duration-ms="11100">
    <groups>
      <group name="regression">
        <method signature="TC_SignUp.SignUp()[pri:0, instance:testCases.TC_SignUp@12e61fe6]" name="SignUp" class="testCases.TC_SignUp"/>
      </group> <!-- regression -->
      <group name="sanity">
        <method signature="TC_SignUp.SignUp()[pri:0, instance:testCases.TC_SignUp@12e61fe6]" name="SignUp" class="testCases.TC_SignUp"/>
      </group> <!-- sanity -->
    </groups>
    <test started-at="2024-05-29T16:33:16 IST" name="Test" finished-at="2024-05-29T16:33:27 IST" duration-ms="11100">
      <class name="testCases.TC_SignUp">
        <test-method is-config="true" signature="setUp(java.lang.String,java.lang.String)[pri:0, instance:testCases.TC_SignUp@12e61fe6]" started-at="2024-05-29T16:33:16 IST" name="setUp" finished-at="2024-05-29T16:33:25 IST" duration-ms="8828" status="PASS">
          <params>
            <param index="0">
              <value>
                <![CDATA[windows]]>
              </value>
            </param>
            <param index="1">
              <value>
                <![CDATA[chrome]]>
              </value>
            </param>
          </params>
          <reporter-output>
          </reporter-output>
        </test-method> <!-- setUp -->
        <test-method signature="SignUp()[pri:0, instance:testCases.TC_SignUp@12e61fe6]" started-at="2024-05-29T16:33:25 IST" name="SignUp" finished-at="2024-05-29T16:33:26 IST" duration-ms="1237" status="PASS">
          <reporter-output>
          </reporter-output>
        </test-method> <!-- SignUp -->
        <test-method is-config="true" signature="tearDown()[pri:0, instance:testCases.TC_SignUp@12e61fe6]" started-at="2024-05-29T16:33:26 IST" name="tearDown" finished-at="2024-05-29T16:33:27 IST" duration-ms="750" status="PASS">
          <reporter-output>
          </reporter-output>
        </test-method> <!-- tearDown -->
      </class> <!-- testCases.TC_SignUp -->
    </test> <!-- Test -->
  </suite> <!-- Suite -->
</testng-results>
